Demographic and Baseline Characteristics
GA0001

--------------------------------------------------------------------------------
                      A: Drug X      B: Placebo    C: Combination   All Patients
                       (N=134)        (N=134)         (N=132)         (N=400)   
--------------------------------------------------------------------------------
Age (years)                                                                     
  n                      134            134             132             400     
  Mean (SD)          33.77 (6.55)   35.43 (7.9)     35.43 (7.72)    34.88 (7.44)
  Median (Q1 - Q3)   33 (28 - 39)   35 (30 - 40)    35 (30 - 40)    34 (29 - 39)
  Min - Max            21 - 50        21 - 62         20 - 69         20 - 69   
--------------------------------------------------------------------------------

Test footnotes
\s\nDemographic and Baseline Characteristics
GA0001

--------------------------------------------------------------------------------
                      A: Drug X      B: Placebo    C: Combination   All Patients
                       (N=134)        (N=134)         (N=132)         (N=400)   
--------------------------------------------------------------------------------
Sex                                                                             
  F                       79             77              66             222     
  M                       51             55              60             166     
  U                       3              2               4               9      
  UNDIFFERENTIATED        1              0               2               3      
--------------------------------------------------------------------------------

Test footnotes
